<?xml version="1.0" encoding="UTF-8"?>
<testsuites name="reservation-service" tests="17" failures="0" errors="0" time="3.137">
  <testsuite name="ReservationService (thorough)" errors="0" failures="0" skipped="0" timestamp="2025-12-16T09:03:20" time="2.421" tests="17">
    <testcase classname="ReservationService (thorough) creates a reservation successfully when table exists, capacity ok, and available" name="ReservationService (thorough) creates a reservation successfully when table exists, capacity ok, and available" time="0.026">
    </testcase>
    <testcase classname="ReservationService (thorough) throws NotFoundException when table does not exist" name="ReservationService (thorough) throws NotFoundException when table does not exist" time="0.028">
    </testcase>
    <testcase classname="ReservationService (thorough) throws BadRequestException when numberOfGuests exceeds table capacity" name="ReservationService (thorough) throws BadRequestException when numberOfGuests exceeds table capacity" time="0.008">
    </testcase>
    <testcase classname="ReservationService (thorough) throws BadRequestException when table is not available" name="ReservationService (thorough) throws BadRequestException when table is not available" time="0.007">
    </testcase>
    <testcase classname="ReservationService (thorough) getAllReservations returns populated sorted list" name="ReservationService (thorough) getAllReservations returns populated sorted list" time="0.006">
    </testcase>
    <testcase classname="ReservationService (thorough) getReservationById returns populated reservation or null" name="ReservationService (thorough) getReservationById returns populated reservation or null" time="0.006">
    </testcase>
    <testcase classname="ReservationService (thorough) getReservationsByCustomer queries by customer and returns list" name="ReservationService (thorough) getReservationsByCustomer queries by customer and returns list" time="0.006">
    </testcase>
    <testcase classname="ReservationService (thorough) updateReservation returns null when not found" name="ReservationService (thorough) updateReservation returns null when not found" time="0.005">
    </testcase>
    <testcase classname="ReservationService (thorough) updateReservation throws when new table not found" name="ReservationService (thorough) updateReservation throws when new table not found" time="0.005">
    </testcase>
    <testcase classname="ReservationService (thorough) updateReservation throws when capacity insufficient" name="ReservationService (thorough) updateReservation throws when capacity insufficient" time="0.009">
    </testcase>
    <testcase classname="ReservationService (thorough) updateReservation throws when updated slot not available" name="ReservationService (thorough) updateReservation throws when updated slot not available" time="0.004">
    </testcase>
    <testcase classname="ReservationService (thorough) cancelReservationByCustomer returns null when not found" name="ReservationService (thorough) cancelReservationByCustomer returns null when not found" time="0.004">
    </testcase>
    <testcase classname="ReservationService (thorough) cancelReservationByCustomer sets bookingStatus to canceled" name="ReservationService (thorough) cancelReservationByCustomer sets bookingStatus to canceled" time="0.004">
    </testcase>
    <testcase classname="ReservationService (thorough) confirmReservation throws when reservation is canceled" name="ReservationService (thorough) confirmReservation throws when reservation is canceled" time="0.003">
    </testcase>
    <testcase classname="ReservationService (thorough) confirmReservation sets bookingStatus to confirmed" name="ReservationService (thorough) confirmReservation sets bookingStatus to confirmed" time="0.006">
    </testcase>
    <testcase classname="ReservationService (thorough) deleteReservation calls findByIdAndDelete" name="ReservationService (thorough) deleteReservation calls findByIdAndDelete" time="0.004">
    </testcase>
    <testcase classname="ReservationService (thorough) getTableReservations queries the day range" name="ReservationService (thorough) getTableReservations queries the day range" time="0.003">
    </testcase>
  </testsuite>
</testsuites>